<?xml version="1.0" encoding="UTF-8"?>
<testsuite name="ru.moneta.pft.addressbook.tests.GroupModificationTests" tests="1" skipped="0" failures="0" errors="0" timestamp="2018-02-06T12:10:29" hostname="DESKTOP-H8N3ONL" time="2.015">
  <properties/>
  <testcase name="testGroupModification" classname="ru.moneta.pft.addressbook.tests.GroupModificationTests" time="2.015"/>
  <system-out><![CDATA[15:10:29.709 [Test worker] INFO  r.m.pft.addressbook.tests.TestBase - Start test testGroupModification with parameters []
]]></system-out>
  <system-err><![CDATA[]]></system-err>
</testsuite>
