<?xml version="1.0" encoding="UTF-8"?>
<testsuite name="ru.moneta.pft.addressbook.tests.GroupModificationTests" tests="1" skipped="0" failures="0" errors="0" timestamp="2018-02-05T03:55:29" hostname="DESKTOP-H8N3ONL" time="1.422">
  <properties/>
  <testcase name="testGroupModification" classname="ru.moneta.pft.addressbook.tests.GroupModificationTests" time="1.422"/>
  <system-out><![CDATA[]]></system-out>
  <system-err><![CDATA[]]></system-err>
</testsuite>
