<?xml version="1.0" encoding="UTF-8"?>
<testsuite name="ru.moneta.pft.addressbook.tests.GroupDeletionTests" tests="1" skipped="0" failures="0" errors="0" timestamp="2018-02-06T12:10:32" hostname="DESKTOP-H8N3ONL" time="1.451">
  <properties/>
  <testcase name="testGroupDeletion" classname="ru.moneta.pft.addressbook.tests.GroupDeletionTests" time="1.451"/>
  <system-out><![CDATA[15:10:31.874 [Test worker] INFO  r.m.pft.addressbook.tests.TestBase - Start test testGroupDeletion with parameters []
]]></system-out>
  <system-err><![CDATA[]]></system-err>
</testsuite>
