<?xml version="1.0" encoding="UTF-8"?>
<testsuite name="ru.moneta.pft.addressbook.tests.GroupDeletionTests" tests="1" skipped="0" failures="0" errors="0" timestamp="2018-02-05T13:05:32" hostname="DESKTOP-H8N3ONL" time="2.61">
  <properties/>
  <testcase name="testGroupDeletion" classname="ru.moneta.pft.addressbook.tests.GroupDeletionTests" time="2.61"/>
  <system-out><![CDATA[]]></system-out>
  <system-err><![CDATA[]]></system-err>
</testsuite>
