<?xml version="1.0" encoding="UTF-8"?>
<testsuite name="ru.moneta.pft.addressbook.tests.GroupCreationTests" tests="6" skipped="0" failures="0" errors="0" timestamp="2018-02-05T03:55:20" hostname="DESKTOP-H8N3ONL" time="8.735">
  <properties/>
  <testcase name="testBadGroupCreation" classname="ru.moneta.pft.addressbook.tests.GroupCreationTests" time="1.8"/>
  <testcase name="testGroupCreation[0](GroupData{name='Name 0', header='Header 0', footer='Footer 0'})" classname="ru.moneta.pft.addressbook.tests.GroupCreationTests" time="1.36"/>
  <testcase name="testGroupCreation[1](GroupData{name='Name 1', header='Header 1', footer='Footer 1'})" classname="ru.moneta.pft.addressbook.tests.GroupCreationTests" time="1.345"/>
  <testcase name="testGroupCreation[2](GroupData{name='Name 2', header='Header 2', footer='Footer 2'})" classname="ru.moneta.pft.addressbook.tests.GroupCreationTests" time="1.341"/>
  <testcase name="testGroupCreation[3](GroupData{name='Name 3', header='Header 3', footer='Footer 3'})" classname="ru.moneta.pft.addressbook.tests.GroupCreationTests" time="1.391"/>
  <testcase name="testGroupCreation[4](GroupData{name='Name 4', header='Header 4', footer='Footer 4'})" classname="ru.moneta.pft.addressbook.tests.GroupCreationTests" time="1.475"/>
  <system-out><![CDATA[]]></system-out>
  <system-err><![CDATA[]]></system-err>
</testsuite>
