<?xml version="1.0" encoding="UTF-8"?>
<testsuite name="ru.moneta.pft.addressbook.tests.GroupCreationTests" tests="6" skipped="0" failures="0" errors="0" timestamp="2018-02-05T13:05:05" hostname="DESKTOP-H8N3ONL" time="23.169">
  <properties/>
  <testcase name="testBadGroupCreation" classname="ru.moneta.pft.addressbook.tests.GroupCreationTests" time="5.781"/>
  <testcase name="testGroupCreation[0](GroupData{name='Name 0', header='Header 0', footer='Footer 0'})" classname="ru.moneta.pft.addressbook.tests.GroupCreationTests" time="3.354"/>
  <testcase name="testGroupCreation[1](GroupData{name='Name 1', header='Header 1', footer='Footer 1'})" classname="ru.moneta.pft.addressbook.tests.GroupCreationTests" time="3.572"/>
  <testcase name="testGroupCreation[2](GroupData{name='Name 2', header='Header 2', footer='Footer 2'})" classname="ru.moneta.pft.addressbook.tests.GroupCreationTests" time="3.336"/>
  <testcase name="testGroupCreation[3](GroupData{name='Name 3', header='Header 3', footer='Footer 3'})" classname="ru.moneta.pft.addressbook.tests.GroupCreationTests" time="3.545"/>
  <testcase name="testGroupCreation[4](GroupData{name='Name 4', header='Header 4', footer='Footer 4'})" classname="ru.moneta.pft.addressbook.tests.GroupCreationTests" time="3.557"/>
  <system-out><![CDATA[]]></system-out>
  <system-err><![CDATA[]]></system-err>
</testsuite>
