<?xml version="1.0" encoding="UTF-8"?>
<testsuite name="ru.moneta.pft.addressbook.tests.GroupCreationTests" tests="6" skipped="0" failures="0" errors="0" timestamp="2018-02-06T12:09:50" hostname="DESKTOP-H8N3ONL" time="38.896">
  <properties/>
  <testcase name="testBadGroupCreation" classname="ru.moneta.pft.addressbook.tests.GroupCreationTests" time="3.196"/>
  <testcase name="testGroupCreation[0](GroupData{name='Name 0', header='Header 0', footer='Footer 0'})" classname="ru.moneta.pft.addressbook.tests.GroupCreationTests" time="2.039"/>
  <testcase name="testGroupCreation[1](GroupData{name='Name 1', header='Header 1', footer='Footer 1'})" classname="ru.moneta.pft.addressbook.tests.GroupCreationTests" time="2.266"/>
  <testcase name="testGroupCreation[2](GroupData{name='Name 2', header='Header 2', footer='Footer 2'})" classname="ru.moneta.pft.addressbook.tests.GroupCreationTests" time="27.273"/>
  <testcase name="testGroupCreation[3](GroupData{name='Name 3', header='Header 3', footer='Footer 3'})" classname="ru.moneta.pft.addressbook.tests.GroupCreationTests" time="2.056"/>
  <testcase name="testGroupCreation[4](GroupData{name='Name 4', header='Header 4', footer='Footer 4'})" classname="ru.moneta.pft.addressbook.tests.GroupCreationTests" time="2.04"/>
  <system-out><![CDATA[15:09:50.809 [Test worker] INFO  r.m.pft.addressbook.tests.TestBase - Start test testBadGroupCreation with parameters []
]]></system-out>
  <system-err><![CDATA[]]></system-err>
</testsuite>
