<?xml version="1.0" encoding="UTF-8"?>
<testsuite name="ru.moneta.pft.addressbook.tests.ContactCreationTests" tests="5" skipped="0" failures="0" errors="0" timestamp="2018-02-05T11:55:48" hostname="DESKTOP-H8N3ONL" time="38.817">
  <properties/>
  <testcase name="testContactCreation[0](ContactData{id=2147483647, firstName='Name 0', lastName='LastName 0'})" classname="ru.moneta.pft.addressbook.tests.ContactCreationTests" time="10.676"/>
  <testcase name="testContactCreation[1](ContactData{id=2147483647, firstName='Name 1', lastName='LastName 1'})" classname="ru.moneta.pft.addressbook.tests.ContactCreationTests" time="6.933"/>
  <testcase name="testContactCreation[2](ContactData{id=2147483647, firstName='Name 2', lastName='LastName 2'})" classname="ru.moneta.pft.addressbook.tests.ContactCreationTests" time="6.884"/>
  <testcase name="testContactCreation[3](ContactData{id=2147483647, firstName='Name 3', lastName='LastName 3'})" classname="ru.moneta.pft.addressbook.tests.ContactCreationTests" time="7.083"/>
  <testcase name="testContactCreation[4](ContactData{id=2147483647, firstName='Name 4', lastName='LastName 4'})" classname="ru.moneta.pft.addressbook.tests.ContactCreationTests" time="7.238"/>
  <system-out><![CDATA[]]></system-out>
  <system-err><![CDATA[]]></system-err>
</testsuite>
