<?xml version="1.0" encoding="UTF-8"?>
<testsuite name="ru.moneta.pft.addressbook.tests.ContactEmailTests" tests="1" skipped="0" failures="0" errors="0" timestamp="2018-02-05T11:56:33" hostname="DESKTOP-H8N3ONL" time="0.373">
  <properties/>
  <testcase name="emailContactTest" classname="ru.moneta.pft.addressbook.tests.ContactEmailTests" time="0.373"/>
  <system-out><![CDATA[]]></system-out>
  <system-err><![CDATA[]]></system-err>
</testsuite>
