<?xml version="1.0" encoding="UTF-8"?>
<testsuite name="ru.moneta.pft.addressbook.tests.ContactPhoneTests" tests="1" skipped="0" failures="0" errors="0" timestamp="2018-02-05T11:56:33" hostname="DESKTOP-H8N3ONL" time="0.372">
  <properties/>
  <testcase name="phoneContactTest" classname="ru.moneta.pft.addressbook.tests.ContactPhoneTests" time="0.372"/>
  <system-out><![CDATA[]]></system-out>
  <system-err><![CDATA[]]></system-err>
</testsuite>
